<?xml version="1.0" encoding="UTF-8"?>
<!-- Generated by org.testng.reporters.JUnitXMLReporter -->
<testsuite ignored="2" hostname="Amals_HP_Envy" failures="0" tests="5" name="Car Loan" time="0.116" errors="0" timestamp="2025-02-01T22:38:54 EST">
  <testcase classname="test.day3" name="MobileLogincarLoan" time="0.006"/>
  <testcase classname="test.day3" name="MobilesignoutcarLoan" time="0.006"/>
  <testcase classname="test.day3" name="MobilesignoutcarLoan" time="0.011"/>
  <testcase classname="test.day3" name="MobilesignoutcarLoan" time="0.005"/>
  <testcase classname="test.day3" name="WebloginCarLoan" time="0.002"/>
  <testcase classname="test.day3" name="MobilesignimcarLoan" time="0.0">
    <ignored/>
  </testcase> <!-- MobilesignimcarLoan -->
  <testcase classname="test.day3" name="APIcarLoan" time="0.0">
    <ignored/>
  </testcase> <!-- APIcarLoan -->
</testsuite> <!-- Car Loan -->
