<?xml version="1.0" encoding="UTF-8"?>
<!-- Generated by org.testng.reporters.JUnitXMLReporter -->
<testsuite ignored="1" hostname="Amals_HP_Envy" failures="0" tests="5" name="Personal loan" time="0.106" errors="0" timestamp="2025-02-01T22:38:54 EST">
  <testcase classname="test.day1" name="Demo" time="0.01"/>
  <testcase classname="test.day2" name="ploan" time="0.001"/>
  <testcase classname="test.day4" name="LoginAPIHomeLoan" time="0.008"/>
  <testcase classname="test.day4" name="MobileLoginHomeLoan" time="0.003"/>
  <testcase classname="test.day4" name="WebloginHomeLoan" time="0.003"/>
  <testcase classname="test.day1" name="SecondTest" time="0.0">
    <ignored/>
  </testcase> <!-- SecondTest -->
</testsuite> <!-- Personal loan -->
