<?xml version="1.0" encoding="UTF-8"?>
<testng-results ignored="0" total="10" passed="10" failed="0" skipped="0">
  <reporter-output>
  </reporter-output>
  <suite started-at="2025-02-01T22:38:54 EST" name="Loan Department" finished-at="2025-02-01T22:38:54 EST" duration-ms="117">
    <groups>
      <group name="Smoke">
        <method signature="day2.ploan()[pri:0, instance:test.day2@7526515b]" name="ploan" class="test.day2"/>
        <method signature="day4.MobileLoginHomeLoan()[pri:0, instance:test.day4@1ed4ae0f]" name="MobileLoginHomeLoan" class="test.day4"/>
        <method signature="day3.MobileLogincarLoan()[pri:0, instance:test.day3@59402b8f]" name="MobileLogincarLoan" class="test.day3"/>
      </group> <!-- Smoke -->
    </groups>
    <test started-at="2025-02-01T22:38:54 EST" name="Personal loan" finished-at="2025-02-01T22:38:54 EST" duration-ms="106">
      <class name="test.day4">
        <test-method signature="LoginAPIHomeLoan()[pri:0, instance:test.day4@1ed4ae0f]" started-at="2025-02-01T22:38:54 EST" name="LoginAPIHomeLoan" finished-at="2025-02-01T22:38:54 EST" duration-ms="8" status="PASS">
          <reporter-output>
          </reporter-output>
        </test-method> <!-- LoginAPIHomeLoan -->
        <test-method signature="MobileLoginHomeLoan()[pri:0, instance:test.day4@1ed4ae0f]" started-at="2025-02-01T22:38:54 EST" name="MobileLoginHomeLoan" finished-at="2025-02-01T22:38:54 EST" duration-ms="3" status="PASS">
          <reporter-output>
          </reporter-output>
        </test-method> <!-- MobileLoginHomeLoan -->
        <test-method signature="WebloginHomeLoan(java.lang.String)[pri:0, instance:test.day4@1ed4ae0f]" started-at="2025-02-01T22:38:54 EST" name="WebloginHomeLoan" finished-at="2025-02-01T22:38:54 EST" duration-ms="3" status="PASS">
          <params>
            <param index="0">
              <value>
                <![CDATA[personalloan.com]]>
              </value>
            </param>
          </params>
          <reporter-output>
          </reporter-output>
        </test-method> <!-- WebloginHomeLoan -->
      </class> <!-- test.day4 -->
      <class name="test.day2">
        <test-method is-config="true" signature="prerequiste()[pri:0, instance:test.day2@7526515b]" started-at="2025-02-01T22:38:54 EST" name="prerequiste" finished-at="2025-02-01T22:38:54 EST" duration-ms="1" status="PASS">
          <reporter-output>
          </reporter-output>
        </test-method> <!-- prerequiste -->
        <test-method signature="ploan()[pri:0, instance:test.day2@7526515b]" started-at="2025-02-01T22:38:54 EST" name="ploan" finished-at="2025-02-01T22:38:54 EST" duration-ms="1" status="PASS">
          <reporter-output>
          </reporter-output>
        </test-method> <!-- ploan -->
      </class> <!-- test.day2 -->
      <class name="test.day1">
        <test-method signature="Demo()[pri:0, instance:test.day1@46cdf8bd]" started-at="2025-02-01T22:38:54 EST" name="Demo" finished-at="2025-02-01T22:38:54 EST" duration-ms="10" status="PASS">
          <reporter-output>
          </reporter-output>
        </test-method> <!-- Demo -->
        <test-method is-config="true" signature="lastexecution()[pri:0, instance:test.day1@46cdf8bd]" started-at="2025-02-01T22:38:54 EST" name="lastexecution" finished-at="2025-02-01T22:38:54 EST" duration-ms="1" status="PASS">
          <reporter-output>
          </reporter-output>
        </test-method> <!-- lastexecution -->
      </class> <!-- test.day1 -->
    </test> <!-- Personal loan -->
    <test started-at="2025-02-01T22:38:54 EST" name="Car Loan" finished-at="2025-02-01T22:38:54 EST" duration-ms="116">
      <class name="test.day3">
        <test-method is-config="true" signature="Bfsuite()[pri:0, instance:test.day3@59402b8f]" started-at="2025-02-01T22:38:54 EST" name="Bfsuite" finished-at="2025-02-01T22:38:54 EST" duration-ms="10" status="PASS">
          <reporter-output>
          </reporter-output>
        </test-method> <!-- Bfsuite -->
        <test-method is-config="true" signature="befoclas()[pri:0, instance:test.day3@59402b8f]" started-at="2025-02-01T22:38:54 EST" name="befoclas" finished-at="2025-02-01T22:38:54 EST" duration-ms="0" status="PASS">
          <reporter-output>
          </reporter-output>
        </test-method> <!-- befoclas -->
        <test-method is-config="true" signature="beforeevery()[pri:0, instance:test.day3@59402b8f]" started-at="2025-02-01T22:38:54 EST" name="beforeevery" finished-at="2025-02-01T22:38:54 EST" duration-ms="0" status="PASS">
          <reporter-output>
          </reporter-output>
        </test-method> <!-- beforeevery -->
        <test-method signature="MobileLogincarLoan()[pri:0, instance:test.day3@59402b8f]" started-at="2025-02-01T22:38:54 EST" name="MobileLogincarLoan" finished-at="2025-02-01T22:38:54 EST" duration-ms="6" status="PASS">
          <reporter-output>
          </reporter-output>
        </test-method> <!-- MobileLogincarLoan -->
        <test-method is-config="true" signature="afterevery()[pri:0, instance:test.day3@59402b8f]" started-at="2025-02-01T22:38:54 EST" name="afterevery" finished-at="2025-02-01T22:38:54 EST" duration-ms="0" status="PASS">
          <reporter-output>
          </reporter-output>
        </test-method> <!-- afterevery -->
        <test-method is-config="true" signature="beforeevery()[pri:0, instance:test.day3@59402b8f]" started-at="2025-02-01T22:38:54 EST" name="beforeevery" finished-at="2025-02-01T22:38:54 EST" duration-ms="1" status="PASS">
          <reporter-output>
          </reporter-output>
        </test-method> <!-- beforeevery -->
        <test-method signature="MobilesignoutcarLoan(java.lang.String,java.lang.String)[pri:0, instance:test.day3@59402b8f]" started-at="2025-02-01T22:38:54 EST" name="MobilesignoutcarLoan" data-provider="getData" finished-at="2025-02-01T22:38:54 EST" duration-ms="6" status="PASS">
          <params>
            <param index="0">
              <value>
                <![CDATA[firstsetusername]]>
              </value>
            </param>
            <param index="1">
              <value>
                <![CDATA[firstpassword]]>
              </value>
            </param>
          </params>
          <reporter-output>
          </reporter-output>
        </test-method> <!-- MobilesignoutcarLoan -->
        <test-method is-config="true" signature="afterevery()[pri:0, instance:test.day3@59402b8f]" started-at="2025-02-01T22:38:54 EST" name="afterevery" finished-at="2025-02-01T22:38:54 EST" duration-ms="1" status="PASS">
          <reporter-output>
          </reporter-output>
        </test-method> <!-- afterevery -->
        <test-method is-config="true" signature="beforeevery()[pri:0, instance:test.day3@59402b8f]" started-at="2025-02-01T22:38:54 EST" name="beforeevery" finished-at="2025-02-01T22:38:54 EST" duration-ms="1" status="PASS">
          <reporter-output>
          </reporter-output>
        </test-method> <!-- beforeevery -->
        <test-method signature="MobilesignoutcarLoan(java.lang.String,java.lang.String)[pri:0, instance:test.day3@59402b8f]" started-at="2025-02-01T22:38:54 EST" name="MobilesignoutcarLoan" data-provider="getData" finished-at="2025-02-01T22:38:54 EST" duration-ms="11" status="PASS">
          <params>
            <param index="0">
              <value>
                <![CDATA[secondsetusername]]>
              </value>
            </param>
            <param index="1">
              <value>
                <![CDATA[secondpassword]]>
              </value>
            </param>
          </params>
          <reporter-output>
          </reporter-output>
        </test-method> <!-- MobilesignoutcarLoan -->
        <test-method is-config="true" signature="afterevery()[pri:0, instance:test.day3@59402b8f]" started-at="2025-02-01T22:38:54 EST" name="afterevery" finished-at="2025-02-01T22:38:54 EST" duration-ms="0" status="PASS">
          <reporter-output>
          </reporter-output>
        </test-method> <!-- afterevery -->
        <test-method is-config="true" signature="beforeevery()[pri:0, instance:test.day3@59402b8f]" started-at="2025-02-01T22:38:54 EST" name="beforeevery" finished-at="2025-02-01T22:38:54 EST" duration-ms="0" status="PASS">
          <reporter-output>
          </reporter-output>
        </test-method> <!-- beforeevery -->
        <test-method signature="MobilesignoutcarLoan(java.lang.String,java.lang.String)[pri:0, instance:test.day3@59402b8f]" started-at="2025-02-01T22:38:54 EST" name="MobilesignoutcarLoan" data-provider="getData" finished-at="2025-02-01T22:38:54 EST" duration-ms="5" status="PASS">
          <params>
            <param index="0">
              <value>
                <![CDATA[thirdsetusername]]>
              </value>
            </param>
            <param index="1">
              <value>
                <![CDATA[thirdpassword]]>
              </value>
            </param>
          </params>
          <reporter-output>
          </reporter-output>
        </test-method> <!-- MobilesignoutcarLoan -->
        <test-method is-config="true" signature="afterevery()[pri:0, instance:test.day3@59402b8f]" started-at="2025-02-01T22:38:54 EST" name="afterevery" finished-at="2025-02-01T22:38:54 EST" duration-ms="1" status="PASS">
          <reporter-output>
          </reporter-output>
        </test-method> <!-- afterevery -->
        <test-method signature="WebloginCarLoan(java.lang.String,java.lang.String)[pri:0, instance:test.day3@59402b8f]" started-at="2025-02-01T22:38:54 EST" name="WebloginCarLoan" finished-at="2025-02-01T22:38:54 EST" duration-ms="2" status="PASS">
          <params>
            <param index="0">
              <value>
                <![CDATA[carloan.com]]>
              </value>
            </param>
            <param index="1">
              <value>
                <![CDATA[123456]]>
              </value>
            </param>
          </params>
          <reporter-output>
          </reporter-output>
        </test-method> <!-- WebloginCarLoan -->
        <test-method is-config="true" signature="beforeevery()[pri:0, instance:test.day3@59402b8f]" started-at="2025-02-01T22:38:54 EST" name="beforeevery" finished-at="2025-02-01T22:38:54 EST" duration-ms="0" status="PASS">
          <reporter-output>
          </reporter-output>
        </test-method> <!-- beforeevery -->
        <test-method is-config="true" signature="afterevery()[pri:0, instance:test.day3@59402b8f]" started-at="2025-02-01T22:38:54 EST" name="afterevery" finished-at="2025-02-01T22:38:54 EST" duration-ms="2" status="PASS">
          <reporter-output>
          </reporter-output>
        </test-method> <!-- afterevery -->
        <test-method is-config="true" signature="afteclas()[pri:0, instance:test.day3@59402b8f]" started-at="2025-02-01T22:38:54 EST" name="afteclas" finished-at="2025-02-01T22:38:54 EST" duration-ms="0" status="PASS">
          <reporter-output>
          </reporter-output>
        </test-method> <!-- afteclas -->
      </class> <!-- test.day3 -->
      <class name="test.day1">
        <test-method is-config="true" signature="afSyite()[pri:0, instance:test.day1@46cdf8bd]" started-at="2025-02-01T22:38:54 EST" name="afSyite" finished-at="2025-02-01T22:38:54 EST" duration-ms="1" status="PASS">
          <reporter-output>
          </reporter-output>
        </test-method> <!-- afSyite -->
      </class> <!-- test.day1 -->
    </test> <!-- Car Loan -->
  </suite> <!-- Loan Department -->
</testng-results>
